<?xml version="1.0" encoding="UTF-8"?>
<!-- Generated by org.testng.reporters.JUnitReportReporter -->
<testsuite skipped="0" hostname="DESKTOP-UA48023" name="GitDemo.Perametrization_xlsx" tests="4" failures="0" timestamp="11 Jan 2021 21:26:12 GMT" time="1.959" errors="0">
  <testcase name="wikipagedata" time="0.509" classname="GitDemo.Perametrization_xlsx"/>
  <testcase name="wikipagedata" time="0.447" classname="GitDemo.Perametrization_xlsx"/>
  <testcase name="wikipagedata" time="0.473" classname="GitDemo.Perametrization_xlsx"/>
  <testcase name="wikipagedata" time="0.530" classname="GitDemo.Perametrization_xlsx"/>
</testsuite> <!-- GitDemo.Perametrization_xlsx -->
