<?xml version="1.0" encoding="UTF-8"?>
<!-- Generated by org.testng.reporters.JUnitReportReporter -->
<testsuite skipped="0" hostname="DESKTOP-UA48023" name="GitDemo.WikiPageTestNG" tests="2" failures="0" timestamp="11 Jan 2021 21:26:12 GMT" time="16.006" errors="0">
  <testcase name="wikipage" time="6.860" classname="GitDemo.WikiPageTestNG"/>
  <testcase name="mainPage" time="9.146" classname="GitDemo.WikiPageTestNG"/>
</testsuite> <!-- GitDemo.WikiPageTestNG -->
